<?xml version="1.0" encoding="UTF-8"?>
<!-- Generated by org.testng.reporters.JUnitReportReporter -->
<testsuite skipped="0" hostname="SSPL-LP-HP-0029" name="com.newtours.demoaut.tests.RegistrationPageTest" tests="2" failures="0" timestamp="01 May 2020 07:34:11 GMT" time="36.400" errors="0">
  <testcase name="VerifyRegisterpageText" time="15.989" classname="com.newtours.demoaut.tests.RegistrationPageTest"/>
  <testcase name="registeruser" time="20.411" classname="com.newtours.demoaut.tests.RegistrationPageTest"/>
</testsuite> <!-- com.newtours.demoaut.tests.RegistrationPageTest -->
