<?xml version="1.0" encoding="UTF-8"?>
<!-- Generated by org.testng.reporters.JUnitReportReporter -->
<testsuite skipped="3" hostname="SSPL-LP-HP-0029" name="com.newtours.demoaut.tests.HomePageTest" tests="3" failures="0" timestamp="01 May 2020 17:21:19 GMT" time="0.000" errors="0">
  <testcase name="verifHomePageTitle" time="0.000" classname="com.newtours.demoaut.tests.HomePageTest">
    <skipped/>
  </testcase> <!-- verifHomePageTitle -->
  <testcase name="verifyhomepageElements" time="0.000" classname="com.newtours.demoaut.tests.HomePageTest">
    <skipped/>
  </testcase> <!-- verifyhomepageElements -->
  <testcase name="verifyFlightBookingprocess" time="0.000" classname="com.newtours.demoaut.tests.HomePageTest">
    <skipped/>
  </testcase> <!-- verifyFlightBookingprocess -->
</testsuite> <!-- com.newtours.demoaut.tests.HomePageTest -->
